<?xml version="1.0" encoding="UTF-8" ?>
<beans xmlns="http://www.springframework.org/schema/beans"
       xmlns:xsi="http://www.w3.org/2001/XMLSchema-instance"
       xsi:schemaLocation="http://www.springframework.org/schema/beans
                        http://www.springframework.org/schema/beans/spring-beans.xsd">

    <bean id="NamedParameterJdbcTemplate" class="org.springframework.jdbc.core.namedparam.NamedParameterJdbcTemplate">
        <constructor-arg ref="dataSource"/>
    </bean>

    <bean id="trainDao" class="by.epam.brest.dao.jdbc.TrainDaoJdbc">
        <constructor-arg ref="NamedParameterJdbcTemplate"/>
    </bean>

    <bean id="passengerDao" class="by.epam.brest.dao.jdbc.PassengerDaoJdbc">
        <constructor-arg ref="NamedParameterJdbcTemplate"/>
    </bean>

    <bean id="passengerDtoDao" class="by.epam.brest.dao.jdbc.PassengerDtoDaoJdbc">
        <constructor-arg ref="NamedParameterJdbcTemplate"/>
    </bean>
</beans>