<?xml version="1.0" encoding="UTF-8" ?>
<beans xmlns="http://www.springframework.org/schema/beans"
       xmlns:xsi="http://www.w3.org/2001/XMLSchema-instance"
       xsi:schemaLocation="http://www.springframework.org/schema/beans
                        http://www.springframework.org/schema/beans/spring-beans.xsd">

    <bean id="NamedParameterJdbcTemplate" class="org.springframework.jdbc.core.namedparam.NamedParameterJdbcTemplate">
        <constructor-arg ref="dataSource"/>
    </bean>

    <bean id="trainDao" class="by.epam.brest.dao.jdbc.TrainDaoJdbc">
        <constructor-arg ref="NamedParameterJdbcTemplate"/>
    </bean>

    <bean id="trainDtoDao" class="by.epam.brest.dao.jdbc.TrainDtoDaoJdbc">
        <constructor-arg ref="NamedParameterJdbcTemplate"/>
    </bean>

    <bean id="trainService" class="by.epam.brest.service.impl.TrainServiceImpl">
        <constructor-arg name="trainDao" ref="trainDao"/>
    </bean>

    <bean id="trainDtoService" class="by.epam.brest.service.impl.TrainDtoServiceImpl">
        <constructor-arg name="trainDtoDao" ref="trainDtoDao"/>
    </bean>

    <!--    <bean id="passengerDao" class="by.epam.brest.dao.jdbc.PassengerDaoJdbc">-->
    <!--        <constructor-arg ref="NamedParameterJdbcTemplate"/>-->
    <!--    </bean>-->

    <!--    <bean id="passengerService" class="by.epam.brest.service.impl.PassengerServiceImpl">-->
    <!--        <constructor-arg name="passengerDao" ref="passengerDao"/>-->
    <!--    </bean>-->

</beans>